Using pre-set license
Built from '2020.3/release' branch; Version is '2020.3.7f1 (dd97f2c94397) revision 14522354'; Using compiler version '192528614'; Build Type 'Release'
OS: 'Windows 10 Home; OS build 19043.1165; Version 2009; 64bit' Language: 'ja' Physical Memory: 4005 MB
BatchMode: 1, IsHumanControllingUs: 0, StartBugReporterOnCrash: 0, Is64bit: 1, IsPro: 0

 COMMAND LINE ARGUMENTS:
C:\Program Files\Unity\Hub\Editor\2020.3.7f1\Editor\Unity.exe
-adb2
-batchMode
-noUpm
-name
AssetImportWorker0
-projectPath
C:/Users/Owner/Desktop/matsuo
-logFile
Logs/AssetImportWorker0.log
-srvPort
59048
Successfully changed project path to: C:/Users/Owner/Desktop/matsuo
C:/Users/Owner/Desktop/matsuo
Using Asset Import Pipeline V2.
Refreshing native plugins compatible for Editor in 63.64 ms, found 1 plugins.
Preloading 0 native plugins for Editor in 0.00 ms.
Initialize engine version: 2020.3.7f1 (dd97f2c94397)
[Subsystems] Discovering subsystems at path C:/Program Files/Unity/Hub/Editor/2020.3.7f1/Editor/Data/Resources/UnitySubsystems
[Subsystems] Discovering subsystems at path C:/Users/Owner/Desktop/matsuo/Assets
GfxDevice: creating device client; threaded=0
Direct3D:
    Version:  Direct3D 11.0 [level 11.1]
    Renderer: Intel(R) UHD Graphics 620 (ID=0x5917)
    Vendor:   
    VRAM:     2002 MB
    Driver:   24.20.100.6286
Initialize mono
Mono path[0] = 'C:/Program Files/Unity/Hub/Editor/2020.3.7f1/Editor/Data/Managed'
Mono path[1] = 'C:/Program Files/Unity/Hub/Editor/2020.3.7f1/Editor/Data/MonoBleedingEdge/lib/mono/unityjit'
Mono config path = 'C:/Program Files/Unity/Hub/Editor/2020.3.7f1/Editor/Data/MonoBleedingEdge/etc'
Using monoOptions --debugger-agent=transport=dt_socket,embedding=1,server=y,suspend=n,address=127.0.0.1:56396
Begin MonoManager ReloadAssembly
Registering precompiled unity dll's ...
Register platform support module: C:/Program Files/Unity/Hub/Editor/2020.3.7f1/Editor/Data/PlaybackEngines/WebGLSupport/UnityEditor.WebGL.Extensions.dll
Register platform support module: C:/Program Files/Unity/Hub/Editor/2020.3.7f1/Editor/Data/PlaybackEngines/WindowsStandaloneSupport/UnityEditor.WindowsStandalone.Extensions.dll
Registered in 0.005926 seconds.
Native extension for WindowsStandalone target not found
Native extension for WebGL target not found
Refreshing native plugins compatible for Editor in 70.82 ms, found 1 plugins.
Preloading 0 native plugins for Editor in 0.00 ms.
Mono: successfully reloaded assembly
- Completed reload, in  3.526 seconds
Platform modules already initialized, skipping
Registering precompiled user dll's ...
Registered in 0.003641 seconds.
Begin MonoManager ReloadAssembly
Native extension for WindowsStandalone target not found
Native extension for WebGL target not found
Refreshing native plugins compatible for Editor in 65.24 ms, found 1 plugins.
Preloading 0 native plugins for Editor in 0.00 ms.
Mono: successfully reloaded assembly
- Completed reload, in  1.177 seconds
Platform modules already initialized, skipping
========================================================================
Worker process is ready to serve import requests
Launched and connected shader compiler UnityShaderCompiler.exe after 0.07 seconds
Refreshing native plugins compatible for Editor in 0.55 ms, found 1 plugins.
Preloading 0 native plugins for Editor in 0.00 ms.
Unloading 1813 Unused Serialized files (Serialized files now loaded: 0)
System memory in use before: 88.0 MB.
System memory in use after: 87.9 MB.

Unloading 24 unused Assets to reduce memory usage. Loaded Objects now: 2255.
Total: 2.512000 ms (FindLiveObjects: 0.191900 ms CreateObjectMapping: 0.072100 ms MarkObjects: 2.108600 ms  DeleteObjects: 0.136300 ms)

========================================================================
Received Import Request.
  path: Assets/test2 Palette.prefab
  artifactKey: Guid(cf9bf0864611da64286e10a8b6f44569) Importer(815301076,1909f56bfc062723c751e8b465ee728b)
Start importing Assets/test2 Palette.prefab using Guid(cf9bf0864611da64286e10a8b6f44569) Importer(815301076,1909f56bfc062723c751e8b465ee728b)  -> (artifact id: 'c18c66b6523c90f78dfdd798727fdc7c') in 0.080157 seconds
  Import took 0.083911 seconds .

========================================================================
Received Import Request.
  Time since last request: 0.000835 seconds.
  path: Assets/Test Palette.prefab
  artifactKey: Guid(9371f40797f054e46a240308b40a3755) Importer(815301076,1909f56bfc062723c751e8b465ee728b)
Start importing Assets/Test Palette.prefab using Guid(9371f40797f054e46a240308b40a3755) Importer(815301076,1909f56bfc062723c751e8b465ee728b)  -> (artifact id: '269974efe249348301bec72f93d8094d') in 0.005952 seconds
  Import took 0.010426 seconds .

========================================================================
Received Import Request.
  Time since last request: 0.000873 seconds.
  path: Assets/Test Palette 1.prefab
  artifactKey: Guid(ba4b22844690ed845807d359208ca047) Importer(815301076,1909f56bfc062723c751e8b465ee728b)
Start importing Assets/Test Palette 1.prefab using Guid(ba4b22844690ed845807d359208ca047) Importer(815301076,1909f56bfc062723c751e8b465ee728b)  -> (artifact id: '2f28256ef10a6f01c669d9f63b2a0abd') in 0.006846 seconds
  Import took 0.010759 seconds .

========================================================================
Received Import Request.
  Time since last request: 0.000609 seconds.
  path: Assets/New Palette.prefab
  artifactKey: Guid(9dd1e5a36decc37449168806d10ab023) Importer(815301076,1909f56bfc062723c751e8b465ee728b)
Start importing Assets/New Palette.prefab using Guid(9dd1e5a36decc37449168806d10ab023) Importer(815301076,1909f56bfc062723c751e8b465ee728b)  -> (artifact id: '0a638f5bdac1dc54f8476212ea2a7775') in 0.010373 seconds
  Import took 0.016001 seconds .

========================================================================
Received Prepare
Registering precompiled user dll's ...
Registered in 0.004363 seconds.
Begin MonoManager ReloadAssembly
Native extension for WindowsStandalone target not found
Native extension for WebGL target not found
Refreshing native plugins compatible for Editor in 0.54 ms, found 1 plugins.
Preloading 0 native plugins for Editor in 0.00 ms.
Mono: successfully reloaded assembly
- Completed reload, in  1.046 seconds
Platform modules already initialized, skipping
Refreshing native plugins compatible for Editor in 0.54 ms, found 1 plugins.
Preloading 0 native plugins for Editor in 0.00 ms.
Unloading 1808 Unused Serialized files (Serialized files now loaded: 0)
System memory in use before: 87.9 MB.
System memory in use after: 87.9 MB.

Unloading 12 unused Assets to reduce memory usage. Loaded Objects now: 2259.
Total: 2.489600 ms (FindLiveObjects: 0.196300 ms CreateObjectMapping: 0.116500 ms MarkObjects: 2.060800 ms  DeleteObjects: 0.115100 ms)

AssetImportWorkerClient::OnTransportError - code=2 error=End of file
