Using pre-set license
Built from '2020.3/release' branch; Version is '2020.3.7f1 (dd97f2c94397) revision 14522354'; Using compiler version '192528614'; Build Type 'Release'
OS: 'Windows 10 Home; OS build 19042.1110; Version 2009; 64bit' Language: 'ja' Physical Memory: 7599 MB
BatchMode: 1, IsHumanControllingUs: 0, StartBugReporterOnCrash: 0, Is64bit: 1, IsPro: 0

 COMMAND LINE ARGUMENTS:
C:\Program Files\Unity\Hub\Editor\2020.3.7f1\Editor\Unity.exe
-adb2
-batchMode
-noUpm
-name
AssetImportWorker0
-projectPath
C:/Users/tatuy/OneDrive/デスクトップ/matsuo
-logFile
Logs/AssetImportWorker0.log
-srvPort
56988
Successfully changed project path to: C:/Users/tatuy/OneDrive/デスクトップ/matsuo
C:/Users/tatuy/OneDrive/デスクトップ/matsuo
Using Asset Import Pipeline V2.
Refreshing native plugins compatible for Editor in 60.29 ms, found 1 plugins.
Preloading 0 native plugins for Editor in 0.00 ms.
Initialize engine version: 2020.3.7f1 (dd97f2c94397)
[Subsystems] Discovering subsystems at path C:/Program Files/Unity/Hub/Editor/2020.3.7f1/Editor/Data/Resources/UnitySubsystems
[Subsystems] Discovering subsystems at path C:/Users/tatuy/OneDrive/デスクトップ/matsuo/Assets
GfxDevice: creating device client; threaded=0
Direct3D:
    Version:  Direct3D 11.0 [level 11.1]
    Renderer: AMD Radeon(TM) Graphics (ID=0x1636)
    Vendor:   
    VRAM:     3799 MB
    Driver:   26.20.14044.3001
Initialize mono
Mono path[0] = 'C:/Program Files/Unity/Hub/Editor/2020.3.7f1/Editor/Data/Managed'
Mono path[1] = 'C:/Program Files/Unity/Hub/Editor/2020.3.7f1/Editor/Data/MonoBleedingEdge/lib/mono/unityjit'
Mono config path = 'C:/Program Files/Unity/Hub/Editor/2020.3.7f1/Editor/Data/MonoBleedingEdge/etc'
Using monoOptions --debugger-agent=transport=dt_socket,embedding=1,server=y,suspend=n,address=127.0.0.1:56472
Begin MonoManager ReloadAssembly
Registering precompiled unity dll's ...
Register platform support module: C:/Program Files/Unity/Hub/Editor/2020.3.7f1/Editor/Data/PlaybackEngines/WindowsStandaloneSupport/UnityEditor.WindowsStandalone.Extensions.dll
Registered in 0.002569 seconds.
Native extension for WindowsStandalone target not found
Refreshing native plugins compatible for Editor in 64.84 ms, found 1 plugins.
Preloading 0 native plugins for Editor in 0.00 ms.
Mono: successfully reloaded assembly
- Completed reload, in  1.132 seconds
Platform modules already initialized, skipping
Registering precompiled user dll's ...
Registered in 0.002985 seconds.
Begin MonoManager ReloadAssembly
Native extension for WindowsStandalone target not found
Refreshing native plugins compatible for Editor in 57.26 ms, found 1 plugins.
Preloading 0 native plugins for Editor in 0.00 ms.
Mono: successfully reloaded assembly
- Completed reload, in  1.050 seconds
Platform modules already initialized, skipping
========================================================================
Worker process is ready to serve import requests
Launched and connected shader compiler UnityShaderCompiler.exe after 0.08 seconds
Refreshing native plugins compatible for Editor in 0.63 ms, found 1 plugins.
Preloading 0 native plugins for Editor in 0.00 ms.
Unloading 1813 Unused Serialized files (Serialized files now loaded: 0)
System memory in use before: 87.9 MB.
System memory in use after: 87.9 MB.

Unloading 24 unused Assets to reduce memory usage. Loaded Objects now: 2255.
Total: 3.867100 ms (FindLiveObjects: 0.347900 ms CreateObjectMapping: 0.118900 ms MarkObjects: 3.240700 ms  DeleteObjects: 0.157100 ms)

========================================================================
Received Import Request.
  path: Assets/test2 Palette.prefab
  artifactKey: Guid(cf9bf0864611da64286e10a8b6f44569) Importer(815301076,1909f56bfc062723c751e8b465ee728b)
Start importing Assets/test2 Palette.prefab using Guid(cf9bf0864611da64286e10a8b6f44569) Importer(815301076,1909f56bfc062723c751e8b465ee728b)  -> (artifact id: '6976171f400626054c5a8b1fde76c799') in 0.129887 seconds
  Import took 0.133988 seconds .

========================================================================
Received Import Request.
  Time since last request: 0.000749 seconds.
  path: Assets/居間.jpg
  artifactKey: Guid(77dbec65f8e42b344b1d702d0df4889e) Importer(815301076,1909f56bfc062723c751e8b465ee728b)
Start importing Assets/居間.jpg using Guid(77dbec65f8e42b344b1d702d0df4889e) Importer(815301076,1909f56bfc062723c751e8b465ee728b)  -> (artifact id: '856ea32d9f73116cbbd6facfe358776c') in 0.163347 seconds
  Import took 0.168026 seconds .

========================================================================
Received Import Request.
  Time since last request: 0.000275 seconds.
  path: Assets/Test Palette.prefab
  artifactKey: Guid(9371f40797f054e46a240308b40a3755) Importer(815301076,1909f56bfc062723c751e8b465ee728b)
Start importing Assets/Test Palette.prefab using Guid(9371f40797f054e46a240308b40a3755) Importer(815301076,1909f56bfc062723c751e8b465ee728b)  -> (artifact id: '482344730fc8ff37dda2e797ece8d893') in 0.010518 seconds
  Import took 0.014947 seconds .

========================================================================
Received Import Request.
  Time since last request: 0.000259 seconds.
  path: Assets/Test Palette 1.prefab
  artifactKey: Guid(ba4b22844690ed845807d359208ca047) Importer(815301076,1909f56bfc062723c751e8b465ee728b)
Start importing Assets/Test Palette 1.prefab using Guid(ba4b22844690ed845807d359208ca047) Importer(815301076,1909f56bfc062723c751e8b465ee728b)  -> (artifact id: '98769d4dfaeb9ae017b44ec6e8c6f9f9') in 0.011408 seconds
  Import took 0.015692 seconds .

========================================================================
Received Prepare
Registering precompiled user dll's ...
Registered in 0.003188 seconds.
Begin MonoManager ReloadAssembly
Native extension for WindowsStandalone target not found
Refreshing native plugins compatible for Editor in 0.93 ms, found 1 plugins.
Preloading 0 native plugins for Editor in 0.00 ms.
Mono: successfully reloaded assembly
- Completed reload, in  1.407 seconds
Platform modules already initialized, skipping
Refreshing native plugins compatible for Editor in 0.94 ms, found 1 plugins.
Preloading 0 native plugins for Editor in 0.00 ms.
Unloading 1808 Unused Serialized files (Serialized files now loaded: 0)
System memory in use before: 90.9 MB.
System memory in use after: 90.9 MB.

Unloading 12 unused Assets to reduce memory usage. Loaded Objects now: 2265.
Total: 3.198100 ms (FindLiveObjects: 0.294200 ms CreateObjectMapping: 0.077600 ms MarkObjects: 2.668100 ms  DeleteObjects: 0.155800 ms)

========================================================================
Received Prepare
Registering precompiled user dll's ...
Registered in 0.004036 seconds.
Begin MonoManager ReloadAssembly
Native extension for WindowsStandalone target not found
Refreshing native plugins compatible for Editor in 1.17 ms, found 1 plugins.
Preloading 0 native plugins for Editor in 0.00 ms.
Mono: successfully reloaded assembly
- Completed reload, in  1.404 seconds
Platform modules already initialized, skipping
Refreshing native plugins compatible for Editor in 1.02 ms, found 1 plugins.
Preloading 0 native plugins for Editor in 0.00 ms.
Unloading 1808 Unused Serialized files (Serialized files now loaded: 0)
System memory in use before: 91.0 MB.
System memory in use after: 91.0 MB.

Unloading 12 unused Assets to reduce memory usage. Loaded Objects now: 2269.
Total: 4.781200 ms (FindLiveObjects: 0.588600 ms CreateObjectMapping: 0.105000 ms MarkObjects: 3.814800 ms  DeleteObjects: 0.270500 ms)

========================================================================
Received Prepare
Registering precompiled user dll's ...
Registered in 0.002844 seconds.
Begin MonoManager ReloadAssembly
Native extension for WindowsStandalone target not found
Refreshing native plugins compatible for Editor in 0.81 ms, found 1 plugins.
Preloading 0 native plugins for Editor in 0.00 ms.
Mono: successfully reloaded assembly
- Completed reload, in  0.881 seconds
Platform modules already initialized, skipping
Refreshing native plugins compatible for Editor in 0.66 ms, found 1 plugins.
Preloading 0 native plugins for Editor in 0.00 ms.
Unloading 1808 Unused Serialized files (Serialized files now loaded: 0)
System memory in use before: 91.0 MB.
System memory in use after: 91.0 MB.

Unloading 12 unused Assets to reduce memory usage. Loaded Objects now: 2273.
Total: 2.450700 ms (FindLiveObjects: 0.316000 ms CreateObjectMapping: 0.052200 ms MarkObjects: 1.950700 ms  DeleteObjects: 0.129600 ms)

AssetImportWorkerClient::OnTransportError - code=2 error=End of file
